<?xml version="1.0" encoding="UTF-8"?>
<testng-results ignored="0" total="1" passed="1" failed="0" skipped="0">
  <reporter-output>
  </reporter-output>
  <suite started-at="2023-03-21T05:57:56Z" name="Default suite" finished-at="2023-03-21T05:58:13Z" duration-ms="17573">
    <groups>
    </groups>
    <test started-at="2023-03-21T05:57:56Z" name="Default test" finished-at="2023-03-21T05:58:13Z" duration-ms="17573">
      <class name="Facebooklogin.OpLogin">
        <test-method signature="oran()[pri:0, instance:Facebooklogin.OpLogin@5be46f9d]" started-at="2023-03-21T05:57:56Z" name="oran" finished-at="2023-03-21T05:58:13Z" duration-ms="17538" status="PASS">
          <reporter-output>
          </reporter-output>
        </test-method> <!-- oran -->
      </class> <!-- Facebooklogin.OpLogin -->
    </test> <!-- Default test -->
  </suite> <!-- Default suite -->
</testng-results>
